Using pre-set license
Built from '2020.3/staging' branch; Version is '2020.3.4f1 (0abb6314276a) revision 703331'; Using compiler version '192528614'; Build Type 'Release'
OS: 'Windows 10 Home; OS build 19044.1826; Version 2009; 64bit' Language: 'zh' Physical Memory: 16068 MB
BatchMode: 1, IsHumanControllingUs: 0, StartBugReporterOnCrash: 0, Is64bit: 1, IsPro: 0

 COMMAND LINE ARGUMENTS:
E:\UnityEditor\2020.3.4f1\Editor\Unity.exe
-adb2
-batchMode
-noUpm
-name
AssetImportWorker0
-projectPath
E:/UnityProject/ZenFight
-logFile
Logs/AssetImportWorker0.log
-srvPort
58908
Successfully changed project path to: E:/UnityProject/ZenFight
E:/UnityProject/ZenFight
Using Asset Import Pipeline V2.
Refreshing native plugins compatible for Editor in 62.59 ms, found 0 plugins.
Preloading 0 native plugins for Editor in 0.00 ms.
Initialize engine version: 2020.3.4f1 (0abb6314276a)
[Subsystems] Discovering subsystems at path E:/UnityEditor/2020.3.4f1/Editor/Data/Resources/UnitySubsystems
[Subsystems] Discovering subsystems at path E:/UnityProject/ZenFight/Assets
GfxDevice: creating device client; threaded=0
Direct3D:
    Version:  Direct3D 11.0 [level 11.1]
    Renderer: Intel(R) Iris(R) Xe Graphics (ID=0x46a6)
    Vendor:   
    VRAM:     8034 MB
    Driver:   30.0.101.1298
Initialize mono
Mono path[0] = 'E:/UnityEditor/2020.3.4f1/Editor/Data/Managed'
Mono path[1] = 'E:/UnityEditor/2020.3.4f1/Editor/Data/MonoBleedingEdge/lib/mono/unityjit'
Mono config path = 'E:/UnityEditor/2020.3.4f1/Editor/Data/MonoBleedingEdge/etc'
Using monoOptions --debugger-agent=transport=dt_socket,embedding=1,server=y,suspend=n,address=127.0.0.1:56704
Begin MonoManager ReloadAssembly
Registering precompiled unity dll's ...
Register platform support module: E:/UnityEditor/2020.3.4f1/Editor/Data/PlaybackEngines/WindowsStandaloneSupport/UnityEditor.WindowsStandalone.Extensions.dll
Registered in 0.001193 seconds.
Native extension for WindowsStandalone target not found
Refreshing native plugins compatible for Editor in 87.63 ms, found 0 plugins.
Preloading 0 native plugins for Editor in 0.00 ms.
Mono: successfully reloaded assembly
- Completed reload, in  2.811 seconds
Platform modules already initialized, skipping
Registering precompiled user dll's ...
Registered in 0.000991 seconds.
Begin MonoManager ReloadAssembly
Native extension for WindowsStandalone target not found
Refreshing native plugins compatible for Editor in 0.48 ms, found 0 plugins.
Preloading 0 native plugins for Editor in 0.00 ms.
Mono: successfully reloaded assembly
- Completed reload, in  1.245 seconds
Platform modules already initialized, skipping
========================================================================
Worker process is ready to serve import requests
Launched and connected shader compiler UnityShaderCompiler.exe after 0.10 seconds
Refreshing native plugins compatible for Editor in 1.06 ms, found 0 plugins.
Preloading 0 native plugins for Editor in 0.00 ms.
Unloading 1139 Unused Serialized files (Serialized files now loaded: 0)
System memory in use before: 74.1 MB.
System memory in use after: 74.2 MB.

Unloading 9 unused Assets to reduce memory usage. Loaded Objects now: 1599.
Total: 2.131400 ms (FindLiveObjects: 0.160900 ms CreateObjectMapping: 0.048000 ms MarkObjects: 1.842800 ms  DeleteObjects: 0.077900 ms)

========================================================================
Received Import Request.
  path: Assets/Scriptes/AIEnemy.cs
  artifactKey: Guid(a8ecd79d24e41bb42af0fcb0b258e137) Importer(815301076,1909f56bfc062723c751e8b465ee728b)
Start importing Assets/Scriptes/AIEnemy.cs using Guid(a8ecd79d24e41bb42af0fcb0b258e137) Importer(815301076,1909f56bfc062723c751e8b465ee728b)  -> (artifact id: 'b07e5d8af9967f84171618aab93e3cae') in 0.069141 seconds
  Import took 0.072738 seconds .

========================================================================
Received Import Request.
  Time since last request: 900.069068 seconds.
  path: Assets/Scenes/GameLevel.unity
  artifactKey: Guid(9fc0d4010bbf28b4594072e72b8655ab) Importer(815301076,1909f56bfc062723c751e8b465ee728b)
Start importing Assets/Scenes/GameLevel.unity using Guid(9fc0d4010bbf28b4594072e72b8655ab) Importer(815301076,1909f56bfc062723c751e8b465ee728b)  -> (artifact id: 'e42e516e8fed524411ca0ac8ec751c64') in 0.030977 seconds
  Import took 0.036061 seconds .

AssetImportWorkerClient::OnTransportError - code=2 error=End of file
